<?xml version="1.0" encoding="UTF-8"?>
<!-- Generated by org.testng.reporters.JUnitXMLReporter -->
<testsuite hostname="WKWIN7028321" ignored="0" name="My Test1" tests="2" failures="2" timestamp="21 Feb 2019 07:36:17 GMT" time="97.85" errors="0">
  <testcase name="InvalidLoginToMercury" time="12.643" classname="org.demo.selenium.test.MercuryTest">
    <failure type="java.lang.NullPointerException">
      <![CDATA[java.lang.NullPointerException
at org.demo.selenium.pages.MercuryFindFlightPage.validateMercuryFindFlightPage(MercuryFindFlightPage.java:40)
at org.demo.selenium.test.MercuryTest.InvalidLoginToMercury(MercuryTest.java:37)
... Removed 25 stack frames]]>
    </failure>
  </testcase> <!-- InvalidLoginToMercury -->
  <testcase name="ValidLoginToMercury" time="15.432" classname="org.demo.selenium.test.MercuryTest">
    <failure type="java.lang.NullPointerException">
      <![CDATA[java.lang.NullPointerException
at org.demo.selenium.pages.MercuryFindFlightPage.validateMercuryFindFlightPage(MercuryFindFlightPage.java:40)
at org.demo.selenium.test.MercuryTest.ValidLoginToMercury(MercuryTest.java:26)
... Removed 25 stack frames]]>
    </failure>
  </testcase> <!-- ValidLoginToMercury -->
</testsuite> <!-- My Test1 -->
