<?xml version="1.0" encoding="UTF-8"?>
<testng-results skipped="0" failed="0" total="1" passed="1">
  <reporter-output>
  </reporter-output>
  <suite name="Default suite" duration-ms="9141" started-at="2020-03-05T14:41:46Z" finished-at="2020-03-05T14:41:55Z">
    <groups>
    </groups>
    <test name="Default test" duration-ms="9141" started-at="2020-03-05T14:41:46Z" finished-at="2020-03-05T14:41:55Z">
      <class name="weather123.NewTest">
        <test-method status="PASS" signature="f()[pri:0, instance:weather123.NewTest@39c0f4a]" name="f" duration-ms="9111" started-at="2020-03-05T20:11:46Z" finished-at="2020-03-05T20:11:55Z">
          <reporter-output>
          </reporter-output>
        </test-method> <!-- f -->
      </class> <!-- weather123.NewTest -->
    </test> <!-- Default test -->
  </suite> <!-- Default suite -->
</testng-results>
