<?xml version="1.0" encoding="UTF-8"?>
<testng-results skipped="0" failed="0" total="1" passed="1">
  <reporter-output>
  </reporter-output>
  <suite name="Default suite" duration-ms="256" started-at="2020-03-05T16:54:30Z" finished-at="2020-03-05T16:54:30Z">
    <groups>
    </groups>
    <test name="Default test" duration-ms="256" started-at="2020-03-05T16:54:30Z" finished-at="2020-03-05T16:54:30Z">
      <class name="compareJSON.CompareJsonFile">
        <test-method status="PASS" signature="method1()[pri:0, instance:compareJSON.CompareJsonFile@7dc7cbad]" name="method1" duration-ms="238" started-at="2020-03-05T22:24:30Z" finished-at="2020-03-05T22:24:30Z">
          <reporter-output>
          </reporter-output>
        </test-method> <!-- method1 -->
      </class> <!-- compareJSON.CompareJsonFile -->
    </test> <!-- Default test -->
  </suite> <!-- Default suite -->
</testng-results>
