<?xml version="1.0" encoding="UTF-8"?>
<testng-results skipped="0" failed="0" total="1" passed="1">
  <reporter-output>
  </reporter-output>
  <suite name="Default suite" duration-ms="2872" started-at="2020-03-09T13:23:22Z" finished-at="2020-03-09T13:23:25Z">
    <groups>
    </groups>
    <test name="Default test" duration-ms="2872" started-at="2020-03-09T13:23:22Z" finished-at="2020-03-09T13:23:25Z">
      <class name="weatherPOST.weatherAPI_POST">
        <test-method status="PASS" signature="test()[pri:0, instance:weatherPOST.weatherAPI_POST@42e26948]" name="test" duration-ms="2845" started-at="2020-03-09T18:53:22Z" finished-at="2020-03-09T18:53:25Z">
          <reporter-output>
          </reporter-output>
        </test-method> <!-- test -->
      </class> <!-- weatherPOST.weatherAPI_POST -->
    </test> <!-- Default test -->
  </suite> <!-- Default suite -->
</testng-results>
